[20-Oct-2025 16:20:09 UTC] PHP Warning:  require(D:\Cake Website\wp-content\themes\chloe_pallete\typerocket/vendor/autoload.php): failed to open stream: No such file or directory in D:\Cake Website\wp-content\themes\chloe_pallete\typerocket\init.php on line 26
[20-Oct-2025 16:20:09 UTC] PHP Fatal error:  require(): Failed opening required 'D:\Cake Website\wp-content\themes\chloe_pallete\typerocket/vendor/autoload.php' (include_path='.;C:\php\pear') in D:\Cake Website\wp-content\themes\chloe_pallete\typerocket\init.php on line 26
[20-Oct-2025 16:20:09 UTC] PHP Warning:  require(D:\Cake Website\wp-content\themes\chloe_pallete\typerocket/vendor/autoload.php): failed to open stream: No such file or directory in D:\Cake Website\wp-content\themes\chloe_pallete\typerocket\init.php on line 26
[20-Oct-2025 16:20:09 UTC] PHP Fatal error:  require(): Failed opening required 'D:\Cake Website\wp-content\themes\chloe_pallete\typerocket/vendor/autoload.php' (include_path='.;C:\php\pear') in D:\Cake Website\wp-content\themes\chloe_pallete\typerocket\init.php on line 26
[20-Oct-2025 16:34:06 UTC] PHP Notice:  Trying to access array offset on value of type bool in D:\Cake Website\wp-content\themes\chloe_pallete\partials\section-banner.php on line 6
[20-Oct-2025 16:34:07 UTC] PHP Notice:  Trying to access array offset on value of type bool in D:\Cake Website\wp-content\themes\chloe_pallete\partials\section-banner.php on line 6
[20-Oct-2025 16:34:10 UTC] PHP Notice:  Trying to access array offset on value of type bool in D:\Cake Website\wp-content\themes\chloe_pallete\partials\section-banner.php on line 6
[20-Oct-2025 16:37:14 UTC] PHP Notice:  Trying to access array offset on value of type bool in D:\Cake Website\wp-content\themes\chloe_pallete\partials\section-banner.php on line 6
[20-Oct-2025 16:37:38 UTC] PHP Notice:  Trying to access array offset on value of type bool in D:\Cake Website\wp-content\themes\chloe_pallete\partials\section-banner.php on line 6
[20-Oct-2025 16:37:41 UTC] PHP Notice:  Trying to access array offset on value of type bool in D:\Cake Website\wp-content\themes\chloe_pallete\partials\section-banner.php on line 6
[21-Oct-2025 09:36:11 UTC] PHP Warning:  require(D:\Chloe_website\wp-content\themes\chloe_pallete\typerocket/vendor/autoload.php): failed to open stream: No such file or directory in D:\Chloe_website\wp-content\themes\chloe_pallete\typerocket\init.php on line 26
[21-Oct-2025 09:36:11 UTC] PHP Fatal error:  require(): Failed opening required 'D:\Chloe_website\wp-content\themes\chloe_pallete\typerocket/vendor/autoload.php' (include_path='.;C:\php\pear') in D:\Chloe_website\wp-content\themes\chloe_pallete\typerocket\init.php on line 26
[21-Oct-2025 09:36:11 UTC] PHP Notice:  Function _load_textdomain_just_in_time được gọi <strong>không chính xác</strong>. Tải bản dịch cho miền <code>chloe_pallete</code> được kích hoạt quá sớm. Đây thường là dấu hiệu cho thấy một số mã trong plugin hoặc chủ đề chạy quá sớm. Bản dịch phải được tải tại hành động <code>init</code> hoặc sau đó. Vui lòng xem <a href="https://developer.wordpress.org/advanced-administration/debug/debug-wordpress/">Hướng dẫn Debug trong WordPress</a> để biết thêm thông tin. (Thông điệp này đã được thêm vào trong phiên bản 6.7.0.) in D:\Chloe_website\wp-includes\functions.php on line 6121
[21-Oct-2025 09:36:11 UTC] PHP Notice:  Trying to access array offset on value of type bool in D:\Chloe_website\wp-includes\class-wp-recovery-mode-email-service.php on line 367
[21-Oct-2025 09:36:11 UTC] PHP Notice:  Trying to access array offset on value of type bool in D:\Chloe_website\wp-includes\class-wp-recovery-mode-email-service.php on line 368
[21-Oct-2025 15:09:55 UTC] PHP Warning:  require(D:\Chloe_website\wp-content\themes\chloe_pallete\typerocket/vendor/autoload.php): failed to open stream: No such file or directory in D:\Chloe_website\wp-content\themes\chloe_pallete\typerocket\init.php on line 26
[21-Oct-2025 15:09:55 UTC] PHP Fatal error:  require(): Failed opening required 'D:\Chloe_website\wp-content\themes\chloe_pallete\typerocket/vendor/autoload.php' (include_path='.;C:\php\pear') in D:\Chloe_website\wp-content\themes\chloe_pallete\typerocket\init.php on line 26
[21-Oct-2025 15:09:55 UTC] PHP Warning:  require(D:\Chloe_website\wp-content\themes\chloe_pallete\typerocket/vendor/autoload.php): failed to open stream: No such file or directory in D:\Chloe_website\wp-content\themes\chloe_pallete\typerocket\init.php on line 26
[21-Oct-2025 15:09:55 UTC] PHP Fatal error:  require(): Failed opening required 'D:\Chloe_website\wp-content\themes\chloe_pallete\typerocket/vendor/autoload.php' (include_path='.;C:\php\pear') in D:\Chloe_website\wp-content\themes\chloe_pallete\typerocket\init.php on line 26
[21-Oct-2025 15:09:57 UTC] PHP Warning:  require(D:\Chloe_website\wp-content\themes\chloe_pallete\typerocket/vendor/autoload.php): failed to open stream: No such file or directory in D:\Chloe_website\wp-content\themes\chloe_pallete\typerocket\init.php on line 26
[21-Oct-2025 15:09:57 UTC] PHP Fatal error:  require(): Failed opening required 'D:\Chloe_website\wp-content\themes\chloe_pallete\typerocket/vendor/autoload.php' (include_path='.;C:\php\pear') in D:\Chloe_website\wp-content\themes\chloe_pallete\typerocket\init.php on line 26
[21-Oct-2025 15:09:58 UTC] PHP Warning:  require(D:\Chloe_website\wp-content\themes\chloe_pallete\typerocket/vendor/autoload.php): failed to open stream: No such file or directory in D:\Chloe_website\wp-content\themes\chloe_pallete\typerocket\init.php on line 26
[21-Oct-2025 15:09:58 UTC] PHP Fatal error:  require(): Failed opening required 'D:\Chloe_website\wp-content\themes\chloe_pallete\typerocket/vendor/autoload.php' (include_path='.;C:\php\pear') in D:\Chloe_website\wp-content\themes\chloe_pallete\typerocket\init.php on line 26
[21-Oct-2025 15:09:59 UTC] PHP Warning:  require(D:\Chloe_website\wp-content\themes\chloe_pallete\typerocket/vendor/autoload.php): failed to open stream: No such file or directory in D:\Chloe_website\wp-content\themes\chloe_pallete\typerocket\init.php on line 26
[21-Oct-2025 15:09:59 UTC] PHP Fatal error:  require(): Failed opening required 'D:\Chloe_website\wp-content\themes\chloe_pallete\typerocket/vendor/autoload.php' (include_path='.;C:\php\pear') in D:\Chloe_website\wp-content\themes\chloe_pallete\typerocket\init.php on line 26
[21-Oct-2025 15:09:59 UTC] PHP Warning:  require(D:\Chloe_website\wp-content\themes\chloe_pallete\typerocket/vendor/autoload.php): failed to open stream: No such file or directory in D:\Chloe_website\wp-content\themes\chloe_pallete\typerocket\init.php on line 26
[21-Oct-2025 15:09:59 UTC] PHP Fatal error:  require(): Failed opening required 'D:\Chloe_website\wp-content\themes\chloe_pallete\typerocket/vendor/autoload.php' (include_path='.;C:\php\pear') in D:\Chloe_website\wp-content\themes\chloe_pallete\typerocket\init.php on line 26
[21-Oct-2025 15:10:00 UTC] PHP Warning:  require(D:\Chloe_website\wp-content\themes\chloe_pallete\typerocket/vendor/autoload.php): failed to open stream: No such file or directory in D:\Chloe_website\wp-content\themes\chloe_pallete\typerocket\init.php on line 26
[21-Oct-2025 15:10:00 UTC] PHP Fatal error:  require(): Failed opening required 'D:\Chloe_website\wp-content\themes\chloe_pallete\typerocket/vendor/autoload.php' (include_path='.;C:\php\pear') in D:\Chloe_website\wp-content\themes\chloe_pallete\typerocket\init.php on line 26
[21-Oct-2025 15:10:01 UTC] PHP Warning:  require(D:\Chloe_website\wp-content\themes\chloe_pallete\typerocket/vendor/autoload.php): failed to open stream: No such file or directory in D:\Chloe_website\wp-content\themes\chloe_pallete\typerocket\init.php on line 26
[21-Oct-2025 15:10:01 UTC] PHP Fatal error:  require(): Failed opening required 'D:\Chloe_website\wp-content\themes\chloe_pallete\typerocket/vendor/autoload.php' (include_path='.;C:\php\pear') in D:\Chloe_website\wp-content\themes\chloe_pallete\typerocket\init.php on line 26
[21-Oct-2025 15:10:02 UTC] PHP Warning:  require(D:\Chloe_website\wp-content\themes\chloe_pallete\typerocket/vendor/autoload.php): failed to open stream: No such file or directory in D:\Chloe_website\wp-content\themes\chloe_pallete\typerocket\init.php on line 26
[21-Oct-2025 15:10:02 UTC] PHP Fatal error:  require(): Failed opening required 'D:\Chloe_website\wp-content\themes\chloe_pallete\typerocket/vendor/autoload.php' (include_path='.;C:\php\pear') in D:\Chloe_website\wp-content\themes\chloe_pallete\typerocket\init.php on line 26
[21-Oct-2025 15:10:02 UTC] PHP Warning:  require(D:\Chloe_website\wp-content\themes\chloe_pallete\typerocket/vendor/autoload.php): failed to open stream: No such file or directory in D:\Chloe_website\wp-content\themes\chloe_pallete\typerocket\init.php on line 26
[21-Oct-2025 15:10:02 UTC] PHP Fatal error:  require(): Failed opening required 'D:\Chloe_website\wp-content\themes\chloe_pallete\typerocket/vendor/autoload.php' (include_path='.;C:\php\pear') in D:\Chloe_website\wp-content\themes\chloe_pallete\typerocket\init.php on line 26
[21-Oct-2025 15:10:03 UTC] PHP Warning:  require(D:\Chloe_website\wp-content\themes\chloe_pallete\typerocket/vendor/autoload.php): failed to open stream: No such file or directory in D:\Chloe_website\wp-content\themes\chloe_pallete\typerocket\init.php on line 26
[21-Oct-2025 15:10:03 UTC] PHP Fatal error:  require(): Failed opening required 'D:\Chloe_website\wp-content\themes\chloe_pallete\typerocket/vendor/autoload.php' (include_path='.;C:\php\pear') in D:\Chloe_website\wp-content\themes\chloe_pallete\typerocket\init.php on line 26
[21-Oct-2025 15:10:03 UTC] PHP Warning:  require(D:\Chloe_website\wp-content\themes\chloe_pallete\typerocket/vendor/autoload.php): failed to open stream: No such file or directory in D:\Chloe_website\wp-content\themes\chloe_pallete\typerocket\init.php on line 26
[21-Oct-2025 15:10:03 UTC] PHP Fatal error:  require(): Failed opening required 'D:\Chloe_website\wp-content\themes\chloe_pallete\typerocket/vendor/autoload.php' (include_path='.;C:\php\pear') in D:\Chloe_website\wp-content\themes\chloe_pallete\typerocket\init.php on line 26
[21-Oct-2025 15:10:06 UTC] PHP Warning:  require(D:\Chloe_website\wp-content\themes\chloe_pallete\typerocket/vendor/autoload.php): failed to open stream: No such file or directory in D:\Chloe_website\wp-content\themes\chloe_pallete\typerocket\init.php on line 26
[21-Oct-2025 15:10:06 UTC] PHP Fatal error:  require(): Failed opening required 'D:\Chloe_website\wp-content\themes\chloe_pallete\typerocket/vendor/autoload.php' (include_path='.;C:\php\pear') in D:\Chloe_website\wp-content\themes\chloe_pallete\typerocket\init.php on line 26
[21-Oct-2025 15:10:07 UTC] PHP Warning:  require(D:\Chloe_website\wp-content\themes\chloe_pallete\typerocket/vendor/autoload.php): failed to open stream: No such file or directory in D:\Chloe_website\wp-content\themes\chloe_pallete\typerocket\init.php on line 26
[21-Oct-2025 15:10:07 UTC] PHP Fatal error:  require(): Failed opening required 'D:\Chloe_website\wp-content\themes\chloe_pallete\typerocket/vendor/autoload.php' (include_path='.;C:\php\pear') in D:\Chloe_website\wp-content\themes\chloe_pallete\typerocket\init.php on line 26
[21-Oct-2025 15:10:15 UTC] PHP Warning:  require(D:\Chloe_website\wp-content\themes\chloe_pallete\typerocket/vendor/autoload.php): failed to open stream: No such file or directory in D:\Chloe_website\wp-content\themes\chloe_pallete\typerocket\init.php on line 26
[21-Oct-2025 15:10:15 UTC] PHP Fatal error:  require(): Failed opening required 'D:\Chloe_website\wp-content\themes\chloe_pallete\typerocket/vendor/autoload.php' (include_path='.;C:\php\pear') in D:\Chloe_website\wp-content\themes\chloe_pallete\typerocket\init.php on line 26
[21-Oct-2025 15:10:16 UTC] PHP Warning:  require(D:\Chloe_website\wp-content\themes\chloe_pallete\typerocket/vendor/autoload.php): failed to open stream: No such file or directory in D:\Chloe_website\wp-content\themes\chloe_pallete\typerocket\init.php on line 26
[21-Oct-2025 15:10:16 UTC] PHP Fatal error:  require(): Failed opening required 'D:\Chloe_website\wp-content\themes\chloe_pallete\typerocket/vendor/autoload.php' (include_path='.;C:\php\pear') in D:\Chloe_website\wp-content\themes\chloe_pallete\typerocket\init.php on line 26
[21-Oct-2025 15:14:36 UTC] PHP Notice:  Trying to access array offset on value of type bool in D:\Chloe_website\wp-content\themes\chloe_pallete\partials\section-banner.php on line 6
[21-Oct-2025 15:14:36 UTC] PHP Notice:  Undefined variable: share_link in D:\Chloe_website\wp-content\themes\chloe_pallete\page.php on line 52
[21-Oct-2025 15:14:36 UTC] PHP Notice:  Undefined variable: share_link in D:\Chloe_website\wp-content\themes\chloe_pallete\page.php on line 55
[21-Oct-2025 15:16:49 UTC] PHP Notice:  Trying to access array offset on value of type bool in D:\Chloe_website\wp-content\themes\chloe_pallete\partials\section-banner.php on line 6
[21-Oct-2025 15:16:49 UTC] PHP Notice:  Undefined variable: share_link in D:\Chloe_website\wp-content\themes\chloe_pallete\page.php on line 52
[21-Oct-2025 15:16:49 UTC] PHP Notice:  Undefined variable: share_link in D:\Chloe_website\wp-content\themes\chloe_pallete\page.php on line 55
[21-Oct-2025 15:18:26 UTC] PHP Notice:  Trying to access array offset on value of type bool in D:\Chloe_website\wp-content\themes\chloe_pallete\partials\section-banner.php on line 6
[21-Oct-2025 15:18:26 UTC] PHP Notice:  Undefined variable: share_link in D:\Chloe_website\wp-content\themes\chloe_pallete\page.php on line 52
[21-Oct-2025 15:18:26 UTC] PHP Notice:  Undefined variable: share_link in D:\Chloe_website\wp-content\themes\chloe_pallete\page.php on line 55
[21-Oct-2025 15:23:30 UTC] PHP Notice:  Trying to access array offset on value of type bool in D:\Chloe_website\wp-content\themes\chloe_pallete\partials\section-banner.php on line 6
[21-Oct-2025 15:23:30 UTC] PHP Notice:  Undefined variable: share_link in D:\Chloe_website\wp-content\themes\chloe_pallete\page.php on line 52
[21-Oct-2025 15:23:30 UTC] PHP Notice:  Undefined variable: share_link in D:\Chloe_website\wp-content\themes\chloe_pallete\page.php on line 55
[23-Oct-2025 07:10:13 UTC] PHP Parse error:  syntax error, unexpected '" alt="' (T_CONSTANT_ENCAPSED_STRING) in D:\Chloe_website\wp-content\themes\chloe_pallete\page-templates\shop.php on line 27
[17-Nov-2025 08:17:13 UTC] PHP Notice:  Trying to access array offset on value of type null in D:\Chloe_website\wp-content\themes\chloe_pallete\typerocket\vendor\typerocket\core\src\Http\Responders\PostsResponder.php on line 40
[17-Nov-2025 08:19:25 UTC] PHP Notice:  Trying to access array offset on value of type null in D:\Chloe_website\wp-content\themes\chloe_pallete\typerocket\vendor\typerocket\core\src\Http\Responders\PostsResponder.php on line 40
[17-Nov-2025 08:19:25 UTC] PHP Notice:  Trying to access array offset on value of type null in D:\Chloe_website\wp-content\themes\chloe_pallete\typerocket\vendor\typerocket\core\src\Http\Responders\PostsResponder.php on line 40
[17-Nov-2025 08:19:25 UTC] PHP Notice:  Trying to access array offset on value of type null in D:\Chloe_website\wp-content\themes\chloe_pallete\typerocket\vendor\typerocket\core\src\Http\Responders\PostsResponder.php on line 40
[17-Nov-2025 08:19:25 UTC] PHP Notice:  Trying to access array offset on value of type null in D:\Chloe_website\wp-content\themes\chloe_pallete\typerocket\vendor\typerocket\core\src\Http\Responders\PostsResponder.php on line 40
[17-Nov-2025 08:19:25 UTC] PHP Notice:  Trying to access array offset on value of type null in D:\Chloe_website\wp-content\themes\chloe_pallete\typerocket\vendor\typerocket\core\src\Http\Responders\PostsResponder.php on line 40
[17-Nov-2025 08:19:25 UTC] PHP Notice:  Trying to access array offset on value of type null in D:\Chloe_website\wp-content\themes\chloe_pallete\typerocket\vendor\typerocket\core\src\Http\Responders\PostsResponder.php on line 40
[17-Nov-2025 08:25:00 UTC] PHP Notice:  Undefined variable: categories in D:\Chloe_website\wp-content\themes\chloe_pallete\single.php on line 37
[17-Nov-2025 08:25:00 UTC] PHP Notice:  Undefined variable: categories in D:\Chloe_website\wp-content\themes\chloe_pallete\single.php on line 38
[17-Nov-2025 08:26:03 UTC] PHP Notice:  Undefined variable: categories in D:\Chloe_website\wp-content\themes\chloe_pallete\single.php on line 37
[17-Nov-2025 08:26:03 UTC] PHP Notice:  Undefined variable: categories in D:\Chloe_website\wp-content\themes\chloe_pallete\single.php on line 38
[17-Nov-2025 08:27:32 UTC] PHP Notice:  Undefined variable: categories in D:\Chloe_website\wp-content\themes\chloe_pallete\single.php on line 37
[17-Nov-2025 08:27:32 UTC] PHP Notice:  Undefined variable: categories in D:\Chloe_website\wp-content\themes\chloe_pallete\single.php on line 38
[17-Nov-2025 08:27:47 UTC] PHP Notice:  Undefined variable: categories in D:\Chloe_website\wp-content\themes\chloe_pallete\single.php on line 37
[17-Nov-2025 08:27:47 UTC] PHP Notice:  Undefined variable: categories in D:\Chloe_website\wp-content\themes\chloe_pallete\single.php on line 38
[17-Nov-2025 08:29:35 UTC] PHP Notice:  Undefined variable: categories in D:\Chloe_website\wp-content\themes\chloe_pallete\single.php on line 42
[17-Nov-2025 08:29:35 UTC] PHP Notice:  Undefined variable: categories in D:\Chloe_website\wp-content\themes\chloe_pallete\single.php on line 43
[17-Nov-2025 08:31:43 UTC] PHP Notice:  Undefined variable: categories in D:\Chloe_website\wp-content\themes\chloe_pallete\single.php on line 42
[17-Nov-2025 08:31:43 UTC] PHP Notice:  Undefined variable: categories in D:\Chloe_website\wp-content\themes\chloe_pallete\single.php on line 43
[17-Nov-2025 08:32:46 UTC] PHP Notice:  Undefined variable: categories in D:\Chloe_website\wp-content\themes\chloe_pallete\single.php on line 38
[17-Nov-2025 08:32:46 UTC] PHP Notice:  Undefined variable: categories in D:\Chloe_website\wp-content\themes\chloe_pallete\single.php on line 39
[17-Nov-2025 08:34:10 UTC] PHP Notice:  Undefined variable: categories in D:\Chloe_website\wp-content\themes\chloe_pallete\single.php on line 31
[17-Nov-2025 08:34:10 UTC] PHP Notice:  Undefined variable: categories in D:\Chloe_website\wp-content\themes\chloe_pallete\single.php on line 32
[17-Nov-2025 08:34:58 UTC] PHP Notice:  Trying to access array offset on value of type null in D:\Chloe_website\wp-content\themes\chloe_pallete\typerocket\vendor\typerocket\core\src\Http\Responders\PostsResponder.php on line 40
[17-Nov-2025 08:34:58 UTC] PHP Notice:  Trying to access array offset on value of type null in D:\Chloe_website\wp-content\themes\chloe_pallete\typerocket\vendor\typerocket\core\src\Http\Responders\PostsResponder.php on line 40
[17-Nov-2025 08:34:58 UTC] PHP Notice:  Trying to access array offset on value of type null in D:\Chloe_website\wp-content\themes\chloe_pallete\typerocket\vendor\typerocket\core\src\Http\Responders\PostsResponder.php on line 40
[17-Nov-2025 08:34:58 UTC] PHP Notice:  Trying to access array offset on value of type null in D:\Chloe_website\wp-content\themes\chloe_pallete\typerocket\vendor\typerocket\core\src\Http\Responders\PostsResponder.php on line 40
[17-Nov-2025 08:34:58 UTC] PHP Notice:  Trying to access array offset on value of type null in D:\Chloe_website\wp-content\themes\chloe_pallete\typerocket\vendor\typerocket\core\src\Http\Responders\PostsResponder.php on line 40
[17-Nov-2025 08:35:32 UTC] PHP Notice:  Undefined variable: categories in D:\Chloe_website\wp-content\themes\chloe_pallete\single.php on line 31
[17-Nov-2025 08:35:32 UTC] PHP Notice:  Undefined variable: categories in D:\Chloe_website\wp-content\themes\chloe_pallete\single.php on line 32
[17-Nov-2025 08:38:01 UTC] PHP Notice:  Undefined variable: categories in D:\Chloe_website\wp-content\themes\chloe_pallete\single.php on line 31
[17-Nov-2025 08:38:01 UTC] PHP Notice:  Undefined variable: categories in D:\Chloe_website\wp-content\themes\chloe_pallete\single.php on line 32
[17-Nov-2025 08:38:33 UTC] PHP Notice:  Undefined variable: categories in D:\Chloe_website\wp-content\themes\chloe_pallete\single.php on line 28
[17-Nov-2025 08:38:33 UTC] PHP Notice:  Undefined variable: categories in D:\Chloe_website\wp-content\themes\chloe_pallete\single.php on line 29
[17-Nov-2025 08:39:40 UTC] PHP Notice:  Undefined variable: categories in D:\Chloe_website\wp-content\themes\chloe_pallete\single.php on line 28
[17-Nov-2025 08:39:40 UTC] PHP Notice:  Undefined variable: categories in D:\Chloe_website\wp-content\themes\chloe_pallete\single.php on line 29
[17-Nov-2025 08:42:51 UTC] PHP Notice:  Undefined variable: categories in D:\Chloe_website\wp-content\themes\chloe_pallete\single.php on line 28
[17-Nov-2025 08:42:51 UTC] PHP Notice:  Undefined variable: categories in D:\Chloe_website\wp-content\themes\chloe_pallete\single.php on line 29
[17-Nov-2025 08:49:38 UTC] PHP Notice:  Undefined variable: workshop_query in D:\Chloe_website\wp-content\themes\chloe_pallete\category.php on line 23
[17-Nov-2025 08:49:38 UTC] PHP Fatal error:  Uncaught Error: Call to a member function have_posts() on null in D:\Chloe_website\wp-content\themes\chloe_pallete\category.php:23
Stack trace:
#0 D:\Chloe_website\wp-includes\template-loader.php(106): include()
#1 D:\Chloe_website\wp-blog-header.php(19): require_once('D:\\Chloe_websit...')
#2 D:\Chloe_website\index.php(17): require('D:\\Chloe_websit...')
#3 {main}
  thrown in D:\Chloe_website\wp-content\themes\chloe_pallete\category.php on line 23
[17-Nov-2025 08:50:05 UTC] PHP Notice:  Undefined variable: workshop_query in D:\Chloe_website\wp-content\themes\chloe_pallete\category.php on line 23
[17-Nov-2025 08:50:05 UTC] PHP Fatal error:  Uncaught Error: Call to a member function have_posts() on null in D:\Chloe_website\wp-content\themes\chloe_pallete\category.php:23
Stack trace:
#0 D:\Chloe_website\wp-includes\template-loader.php(106): include()
#1 D:\Chloe_website\wp-blog-header.php(19): require_once('D:\\Chloe_websit...')
#2 D:\Chloe_website\index.php(17): require('D:\\Chloe_websit...')
#3 {main}
  thrown in D:\Chloe_website\wp-content\themes\chloe_pallete\category.php on line 23
[17-Nov-2025 08:50:09 UTC] PHP Notice:  Undefined variable: workshop_query in D:\Chloe_website\wp-content\themes\chloe_pallete\category.php on line 23
[17-Nov-2025 08:50:09 UTC] PHP Fatal error:  Uncaught Error: Call to a member function have_posts() on null in D:\Chloe_website\wp-content\themes\chloe_pallete\category.php:23
Stack trace:
#0 D:\Chloe_website\wp-includes\template-loader.php(106): include()
#1 D:\Chloe_website\wp-blog-header.php(19): require_once('D:\\Chloe_websit...')
#2 D:\Chloe_website\index.php(17): require('D:\\Chloe_websit...')
#3 {main}
  thrown in D:\Chloe_website\wp-content\themes\chloe_pallete\category.php on line 23
[17-Nov-2025 08:50:19 UTC] PHP Notice:  Undefined variable: workshop_query in D:\Chloe_website\wp-content\themes\chloe_pallete\category.php on line 23
[17-Nov-2025 08:50:19 UTC] PHP Fatal error:  Uncaught Error: Call to a member function have_posts() on null in D:\Chloe_website\wp-content\themes\chloe_pallete\category.php:23
Stack trace:
#0 D:\Chloe_website\wp-includes\template-loader.php(106): include()
#1 D:\Chloe_website\wp-blog-header.php(19): require_once('D:\\Chloe_websit...')
#2 D:\Chloe_website\index.php(17): require('D:\\Chloe_websit...')
#3 {main}
  thrown in D:\Chloe_website\wp-content\themes\chloe_pallete\category.php on line 23
[17-Nov-2025 08:51:59 UTC] PHP Notice:  Undefined variable: workshop_query in D:\Chloe_website\wp-content\themes\chloe_pallete\category.php on line 27
[17-Nov-2025 08:51:59 UTC] PHP Fatal error:  Uncaught Error: Call to a member function have_posts() on null in D:\Chloe_website\wp-content\themes\chloe_pallete\category.php:27
Stack trace:
#0 D:\Chloe_website\wp-includes\template-loader.php(106): include()
#1 D:\Chloe_website\wp-blog-header.php(19): require_once('D:\\Chloe_websit...')
#2 D:\Chloe_website\index.php(17): require('D:\\Chloe_websit...')
#3 {main}
  thrown in D:\Chloe_website\wp-content\themes\chloe_pallete\category.php on line 27
[17-Nov-2025 08:55:12 UTC] PHP Notice:  Undefined variable: workshop_query in D:\Chloe_website\wp-content\themes\chloe_pallete\category.php on line 27
[17-Nov-2025 08:55:12 UTC] PHP Fatal error:  Uncaught Error: Call to a member function have_posts() on null in D:\Chloe_website\wp-content\themes\chloe_pallete\category.php:27
Stack trace:
#0 D:\Chloe_website\wp-includes\template-loader.php(106): include()
#1 D:\Chloe_website\wp-blog-header.php(19): require_once('D:\\Chloe_websit...')
#2 D:\Chloe_website\index.php(17): require('D:\\Chloe_websit...')
#3 {main}
  thrown in D:\Chloe_website\wp-content\themes\chloe_pallete\category.php on line 27
[17-Nov-2025 08:57:13 UTC] PHP Notice:  Undefined variable: workshop_query in D:\Chloe_website\wp-content\themes\chloe_pallete\category.php on line 43
[17-Nov-2025 08:57:13 UTC] PHP Fatal error:  Uncaught Error: Call to a member function have_posts() on null in D:\Chloe_website\wp-content\themes\chloe_pallete\category.php:43
Stack trace:
#0 D:\Chloe_website\wp-includes\template-loader.php(106): include()
#1 D:\Chloe_website\wp-blog-header.php(19): require_once('D:\\Chloe_websit...')
#2 D:\Chloe_website\index.php(17): require('D:\\Chloe_websit...')
#3 {main}
  thrown in D:\Chloe_website\wp-content\themes\chloe_pallete\category.php on line 43
[17-Nov-2025 09:00:52 UTC] PHP Notice:  Undefined variable: workshop_query in D:\Chloe_website\wp-content\themes\chloe_pallete\category.php on line 43
[17-Nov-2025 09:00:52 UTC] PHP Fatal error:  Uncaught Error: Call to a member function have_posts() on null in D:\Chloe_website\wp-content\themes\chloe_pallete\category.php:43
Stack trace:
#0 D:\Chloe_website\wp-includes\template-loader.php(106): include()
#1 D:\Chloe_website\wp-blog-header.php(19): require_once('D:\\Chloe_websit...')
#2 D:\Chloe_website\index.php(17): require('D:\\Chloe_websit...')
#3 {main}
  thrown in D:\Chloe_website\wp-content\themes\chloe_pallete\category.php on line 43
[17-Nov-2025 09:01:54 UTC] PHP Notice:  Undefined variable: workshop_query in D:\Chloe_website\wp-content\themes\chloe_pallete\category.php on line 43
[17-Nov-2025 09:01:54 UTC] PHP Fatal error:  Uncaught Error: Call to a member function have_posts() on null in D:\Chloe_website\wp-content\themes\chloe_pallete\category.php:43
Stack trace:
#0 D:\Chloe_website\wp-includes\template-loader.php(106): include()
#1 D:\Chloe_website\wp-blog-header.php(19): require_once('D:\\Chloe_websit...')
#2 D:\Chloe_website\index.php(17): require('D:\\Chloe_websit...')
#3 {main}
  thrown in D:\Chloe_website\wp-content\themes\chloe_pallete\category.php on line 43
[17-Nov-2025 09:05:39 UTC] PHP Notice:  Undefined variable: workshop_query in D:\Chloe_website\wp-content\themes\chloe_pallete\category.php on line 27
[17-Nov-2025 09:05:39 UTC] PHP Fatal error:  Uncaught Error: Call to a member function have_posts() on null in D:\Chloe_website\wp-content\themes\chloe_pallete\category.php:27
Stack trace:
#0 D:\Chloe_website\wp-includes\template-loader.php(106): include()
#1 D:\Chloe_website\wp-blog-header.php(19): require_once('D:\\Chloe_websit...')
#2 D:\Chloe_website\index.php(17): require('D:\\Chloe_websit...')
#3 {main}
  thrown in D:\Chloe_website\wp-content\themes\chloe_pallete\category.php on line 27
[17-Nov-2025 09:06:21 UTC] PHP Notice:  Undefined variable: workshop_query in D:\Chloe_website\wp-content\themes\chloe_pallete\category.php on line 28
[17-Nov-2025 09:06:21 UTC] PHP Fatal error:  Uncaught Error: Call to a member function have_posts() on null in D:\Chloe_website\wp-content\themes\chloe_pallete\category.php:28
Stack trace:
#0 D:\Chloe_website\wp-includes\template-loader.php(106): include()
#1 D:\Chloe_website\wp-blog-header.php(19): require_once('D:\\Chloe_websit...')
#2 D:\Chloe_website\index.php(17): require('D:\\Chloe_websit...')
#3 {main}
  thrown in D:\Chloe_website\wp-content\themes\chloe_pallete\category.php on line 28
[17-Nov-2025 09:17:15 UTC] PHP Notice:  Trying to access array offset on value of type null in D:\Chloe_website\wp-content\themes\chloe_pallete\typerocket\vendor\typerocket\core\src\Http\Responders\PostsResponder.php on line 40
[17-Nov-2025 09:17:15 UTC] PHP Notice:  Trying to access array offset on value of type null in D:\Chloe_website\wp-content\themes\chloe_pallete\typerocket\vendor\typerocket\core\src\Http\Responders\PostsResponder.php on line 40
[17-Nov-2025 09:17:15 UTC] PHP Notice:  Trying to access array offset on value of type null in D:\Chloe_website\wp-content\themes\chloe_pallete\typerocket\vendor\typerocket\core\src\Http\Responders\PostsResponder.php on line 40
[17-Nov-2025 09:17:15 UTC] PHP Notice:  Trying to access array offset on value of type null in D:\Chloe_website\wp-content\themes\chloe_pallete\typerocket\vendor\typerocket\core\src\Http\Responders\PostsResponder.php on line 40
[17-Nov-2025 09:17:29 UTC] PHP Notice:  Trying to access array offset on value of type null in D:\Chloe_website\wp-content\themes\chloe_pallete\typerocket\vendor\typerocket\core\src\Http\Responders\PostsResponder.php on line 40
[17-Nov-2025 09:17:29 UTC] PHP Notice:  Trying to access array offset on value of type null in D:\Chloe_website\wp-content\themes\chloe_pallete\typerocket\vendor\typerocket\core\src\Http\Responders\PostsResponder.php on line 40
[17-Nov-2025 09:17:29 UTC] PHP Notice:  Trying to access array offset on value of type null in D:\Chloe_website\wp-content\themes\chloe_pallete\typerocket\vendor\typerocket\core\src\Http\Responders\PostsResponder.php on line 40
[17-Nov-2025 09:17:29 UTC] PHP Notice:  Trying to access array offset on value of type null in D:\Chloe_website\wp-content\themes\chloe_pallete\typerocket\vendor\typerocket\core\src\Http\Responders\PostsResponder.php on line 40
[17-Nov-2025 09:17:29 UTC] PHP Notice:  Trying to access array offset on value of type null in D:\Chloe_website\wp-content\themes\chloe_pallete\typerocket\vendor\typerocket\core\src\Http\Responders\PostsResponder.php on line 40
[17-Nov-2025 09:19:19 UTC] PHP Notice:  Undefined variable: categories in D:\Chloe_website\wp-content\themes\chloe_pallete\single.php on line 29
[17-Nov-2025 09:19:19 UTC] PHP Notice:  Undefined variable: categories in D:\Chloe_website\wp-content\themes\chloe_pallete\single.php on line 30
